<?xml version="1.0" encoding="UTF-8"?>
<!-- Generated by org.testng.reporters.JUnitReportReporter -->
<testsuite skipped="0" hostname="DESKTOP-M07703K" name="com.qa.hubspotapp.test.ContactsPageTest" tests="4" failures="0" timestamp="05 Jun 2020 17:16:04 GMT" time="166.734" errors="0">
  <testcase name="verifyHomePageTitle" time="32.069" classname="com.qa.hubspotapp.test.ContactsPageTest"/>
  <testcase name="verifyCreateAccount" time="44.976" classname="com.qa.hubspotapp.test.ContactsPageTest"/>
  <testcase name="verifyCreateAccount" time="44.563" classname="com.qa.hubspotapp.test.ContactsPageTest"/>
  <testcase name="verifyCreateAccount" time="45.126" classname="com.qa.hubspotapp.test.ContactsPageTest"/>
</testsuite> <!-- com.qa.hubspotapp.test.ContactsPageTest -->
