<?xml version="1.0" encoding="UTF-8"?>
<!-- Generated by org.testng.reporters.JUnitReportReporter -->
<testsuite skipped="0" hostname="DESKTOP-M07703K" name="com.qa.hubspotapp.test.LoginPageTest" tests="2" failures="0" timestamp="06 Jun 2020 14:14:47 GMT" time="19.241" errors="0">
  <testcase name="hubSpotSignUpLink_IsPresent" time="9.370" classname="com.qa.hubspotapp.test.LoginPageTest"/>
  <testcase name="hubSpotLogin" time="9.871" classname="com.qa.hubspotapp.test.LoginPageTest"/>
</testsuite> <!-- com.qa.hubspotapp.test.LoginPageTest -->
