<?xml version="1.0" encoding="UTF-8"?>
<!-- Generated by org.testng.reporters.JUnitReportReporter -->
<testsuite skipped="0" hostname="DESKTOP-M07703K" name="com.qa.hubspotapp.test.HomePageTest" tests="3" failures="0" timestamp="06 Jun 2020 14:14:47 GMT" time="7.862" errors="0">
  <testcase name="verifyHomePageTitle" time="3.130" classname="com.qa.hubspotapp.test.HomePageTest"/>
  <testcase name="verifyContactsLinkText" time="3.121" classname="com.qa.hubspotapp.test.HomePageTest"/>
  <testcase name="verifyConversationsLinkText" time="1.611" classname="com.qa.hubspotapp.test.HomePageTest"/>
</testsuite> <!-- com.qa.hubspotapp.test.HomePageTest -->
