<?xml version="1.0" encoding="UTF-8"?>
<!-- Generated by org.testng.reporters.JUnitReportReporter -->
<testsuite skipped="0" hostname="DESKTOP-M07703K" name="com.qa.hubspotapp.test.LoginPageTest" tests="3" failures="0" timestamp="05 Jun 2020 10:56:10 GMT" time="23.759" errors="0">
  <testcase name="hubSpotPageLoginPageTitle" time="10.032" classname="com.qa.hubspotapp.test.LoginPageTest"/>
  <testcase name="hubSpotSignUpLink_IsPrfesent" time="2.061" classname="com.qa.hubspotapp.test.LoginPageTest"/>
  <testcase name="hubSpotLogin" time="11.666" classname="com.qa.hubspotapp.test.LoginPageTest"/>
</testsuite> <!-- com.qa.hubspotapp.test.LoginPageTest -->
